<?xml version="1.0" encoding="UTF-8"?>
<!-- Generated by org.testng.reporters.JUnitReportReporter -->
<testsuite skipped="0" hostname="LAPTOP-AUG5HGQL" name="utils.Screenshots" tests="1" failures="0" timestamp="11 Oct 2020 02:15:57 GMT" time="23.581" errors="0">
  <testcase name="CaptureScreenshot" time="23.581" classname="utils.Screenshots"/>
</testsuite> <!-- utils.Screenshots -->
