<?xml version="1.0" encoding="UTF-8"?>
<!-- Generated by org.testng.reporters.JUnitReportReporter -->
<testsuite skipped="0" hostname="LAPTOP-AUG5HGQL" name="utils.ExcelDataProvider" tests="1" failures="0" timestamp="11 Oct 2020 02:15:57 GMT" time="50.622" errors="0">
  <testcase name="test1" time="50.622" classname="utils.ExcelDataProvider"/>
</testsuite> <!-- utils.ExcelDataProvider -->
